05-27 00:31:46 com_github_MitjaNemec_ReplicateLayout.action_replicate_layout 392:Plugin executed on: 'linux'
05-27 00:31:46 com_github_MitjaNemec_ReplicateLayout.action_replicate_layout 393:Plugin executed with python version: '3.12.3 (main, Apr 23 2024, 09:16:07) [GCC 13.2.1 20240417]'
05-27 00:31:46 com_github_MitjaNemec_ReplicateLayout.action_replicate_layout 394:KiCad build version: 8.0.2
05-27 00:31:46 com_github_MitjaNemec_ReplicateLayout.action_replicate_layout 395:Plugin version: 3.0.3
05-27 00:31:46 com_github_MitjaNemec_ReplicateLayout.action_replicate_layout 396:Frame repr: <wx._core.Frame object at 0x708705b16c30>
05-27 00:31:46 com_github_MitjaNemec_ReplicateLayout.action_replicate_layout 420:Preparing replicator with N1 as a reference
05-27 00:31:46 com_github_MitjaNemec_ReplicateLayout.replicate_layout 117:getting a list of all footprints on board
05-27 00:31:46 com_github_MitjaNemec_ReplicateLayout.action_replicate_layout 468:source anchor footprint is 'N1'
Located on: ['Nixie_1']
With filenames: ['nixie.kicad_sch']
With sheet_id:['Nixie_1']
05-27 00:31:46 com_github_MitjaNemec_ReplicateLayout.action_replicate_layout 475:Corresponding footprints are 
[('N1', ['Nixie_1']), ('N8', ['Nixie_8']), ('N2', ['Nixie_2']), ('N3', ['Nixie_3']), ('N4', ['Nixie_4']), ('N7', ['Nixie_7']), ('N5', ['Nixie_5']), ('N6', ['Nixie_6'])]
05-27 00:31:46 com_github_MitjaNemec_ReplicateLayout.action_replicate_layout 487:Showing dialog
05-27 00:31:46 com_github_MitjaNemec_ReplicateLayout.replicate_layout 472:constructing a list of sheets suitable for replication on level:'Nixie_1', file:'nixie.kicad_sch'
05-27 00:31:46 com_github_MitjaNemec_ReplicateLayout.replicate_layout 509:suitable sheets are:[['Nixie_2'], ['Nixie_3'], ['Nixie_4'], ['Nixie_5'], ['Nixie_6'], ['Nixie_7'], ['Nixie_8']]
05-27 00:31:46 com_github_MitjaNemec_ReplicateLayout.replicate_layout 1507:Level selected: ['Nixie_1']
05-27 00:31:46 com_github_MitjaNemec_ReplicateLayout.replicate_layout 1331:Filtering list of tracks
05-27 00:31:46 com_github_MitjaNemec_ReplicateLayout.action_replicate_layout 493:Toolbar position: wx.Point(-1955, 93)
05-27 00:31:46 com_github_MitjaNemec_ReplicateLayout.action_replicate_layout 498:Dialog position: wx.Point(-2394, 93)
05-27 00:31:50 com_github_MitjaNemec_ReplicateLayout.replicate_layout 472:constructing a list of sheets suitable for replication on level:'Nixie_1', file:'nixie.kicad_sch'
05-27 00:31:50 com_github_MitjaNemec_ReplicateLayout.replicate_layout 509:suitable sheets are:[['Nixie_2'], ['Nixie_3'], ['Nixie_4'], ['Nixie_5'], ['Nixie_6'], ['Nixie_7'], ['Nixie_8']]
05-27 00:31:50 com_github_MitjaNemec_ReplicateLayout.action_replicate_layout 240:Replicating layout
05-27 00:31:50 com_github_MitjaNemec_ReplicateLayout.replicate_layout 288:Starting replication of sheets: [['Nixie_2'], ['Nixie_3'], ['Nixie_4'], ['Nixie_5'], ['Nixie_6'], ['Nixie_7'], ['Nixie_8']]
on level: ['Nixie_1']
with tracks=True, zone=True, text=True, text=True, intersecting=False, remove=True, locked footprints=False, group_only=False
05-27 00:31:50 root 332:updating GUI message: 'Preparing for replication'
05-27 00:31:50 root 337:updating GUI with: 0
05-27 00:31:50 com_github_MitjaNemec_ReplicateLayout.replicate_layout 358:Getting the list of source footprints
05-27 00:31:50 root 337:updating GUI with: 0
05-27 00:31:50 com_github_MitjaNemec_ReplicateLayout.replicate_layout 368:Getting the list of all the remaining footprints
05-27 00:31:50 com_github_MitjaNemec_ReplicateLayout.replicate_layout 375:Getting source tracks
05-27 00:31:50 com_github_MitjaNemec_ReplicateLayout.replicate_layout 1331:Filtering list of tracks
05-27 00:31:50 com_github_MitjaNemec_ReplicateLayout.replicate_layout 379:Getting source zones
05-27 00:31:50 com_github_MitjaNemec_ReplicateLayout.replicate_layout 383:Getting source text items
05-27 00:31:50 com_github_MitjaNemec_ReplicateLayout.replicate_layout 387:Getting source drawing items
05-27 00:31:50 com_github_MitjaNemec_ReplicateLayout.replicate_layout 320:Removing tracks and zones, before footprint placement
05-27 00:31:50 root 332:updating GUI message: 'Removing zones and tracks'
05-27 00:31:50 com_github_MitjaNemec_ReplicateLayout.replicate_layout 1277:Remove bounding box top:64450000, bottom:99900000, Left:82450000, Right:103550000
05-27 00:31:50 com_github_MitjaNemec_ReplicateLayout.replicate_layout 1277:Remove bounding box top:64450000, bottom:99900000, Left:106450000, Right:127550000
05-27 00:31:50 root 337:updating GUI with: 28
05-27 00:31:50 com_github_MitjaNemec_ReplicateLayout.replicate_layout 1277:Remove bounding box top:64450000, bottom:99900000, Left:130450000, Right:151550000
05-27 00:31:50 root 337:updating GUI with: 42
05-27 00:31:50 com_github_MitjaNemec_ReplicateLayout.replicate_layout 1277:Remove bounding box top:64450000, bottom:99900000, Left:154450000, Right:175550000
05-27 00:31:50 com_github_MitjaNemec_ReplicateLayout.replicate_layout 1277:Remove bounding box top:64450000, bottom:99900000, Left:178450000, Right:199550000
05-27 00:31:50 com_github_MitjaNemec_ReplicateLayout.replicate_layout 1277:Remove bounding box top:64450000, bottom:99900000, Left:202450000, Right:223550000
05-27 00:31:50 com_github_MitjaNemec_ReplicateLayout.replicate_layout 1277:Remove bounding box top:64450000, bottom:99900000, Left:226450000, Right:247550000
05-27 00:31:50 root 332:updating GUI message: 'Replicating footprints'
05-27 00:31:50 com_github_MitjaNemec_ReplicateLayout.replicate_layout 861:Replicating footprints
05-27 00:31:50 root 337:updating GUI with: 0
05-27 00:31:50 com_github_MitjaNemec_ReplicateLayout.replicate_layout 868:Replicating footprints on sheet ['Nixie_2']
05-27 00:31:50 com_github_MitjaNemec_ReplicateLayout.replicate_layout 985:Src text UUid:ab69360d-5be9-4776-9e9b-209f9cebee9e
05-27 00:31:50 com_github_MitjaNemec_ReplicateLayout.replicate_layout 986:Dst text UUid:69acc8f2-8c63-48e1-b5ef-070da494ea53
05-27 00:31:50 com_github_MitjaNemec_ReplicateLayout.replicate_layout 985:Src text UUid:b835f099-08d8-4979-a4e5-490ac527d2a7
05-27 00:31:50 com_github_MitjaNemec_ReplicateLayout.replicate_layout 986:Dst text UUid:45568d4f-7546-4f38-b356-14ac89e59e7e
05-27 00:31:50 com_github_MitjaNemec_ReplicateLayout.replicate_layout 985:Src text UUid:560506e8-65fd-4109-8c89-937c2cdec99f
05-27 00:31:50 com_github_MitjaNemec_ReplicateLayout.replicate_layout 986:Dst text UUid:e0166a63-1e02-4f0d-ad4a-7bd2513b3cc1
05-27 00:31:50 com_github_MitjaNemec_ReplicateLayout.replicate_layout 985:Src text UUid:7b91cd9a-1bff-44ab-a559-d226b2c4d6d5
05-27 00:31:50 com_github_MitjaNemec_ReplicateLayout.replicate_layout 986:Dst text UUid:c2b0e470-b956-4a59-88de-3bf4885fc46c
05-27 00:31:50 com_github_MitjaNemec_ReplicateLayout.replicate_layout 985:Src text UUid:90c87fb1-5ebf-4afc-b0d9-439f9009f0da
05-27 00:31:50 com_github_MitjaNemec_ReplicateLayout.replicate_layout 986:Dst text UUid:03fc9237-3298-44ac-a93b-1cda6a779901
05-27 00:31:50 com_github_MitjaNemec_ReplicateLayout.replicate_layout 985:Src text UUid:2fb2f53a-80d2-43a2-bc56-d106e9338442
05-27 00:31:50 com_github_MitjaNemec_ReplicateLayout.replicate_layout 986:Dst text UUid:e25be73f-9794-4469-a755-fd7f46aa8758
05-27 00:31:50 com_github_MitjaNemec_ReplicateLayout.replicate_layout 985:Src text UUid:7474d7ef-18b9-4bd7-903e-eb46dcf8d615
05-27 00:31:50 com_github_MitjaNemec_ReplicateLayout.replicate_layout 986:Dst text UUid:03b89e33-4ee2-40f5-a7cc-1041291e0713
05-27 00:31:50 com_github_MitjaNemec_ReplicateLayout.replicate_layout 985:Src text UUid:fa5a8832-1650-4aee-b8f6-85748d7c7486
05-27 00:31:50 com_github_MitjaNemec_ReplicateLayout.replicate_layout 986:Dst text UUid:7fa884ae-8d43-4e78-bda1-d7f7ef4a8956
05-27 00:31:50 com_github_MitjaNemec_ReplicateLayout.replicate_layout 985:Src text UUid:095c36f3-99f1-47fd-8aa1-6a99686bcf3d
05-27 00:31:50 com_github_MitjaNemec_ReplicateLayout.replicate_layout 986:Dst text UUid:c1da76b0-42bc-4e57-8934-3c4c4ebaf7de
05-27 00:31:50 com_github_MitjaNemec_ReplicateLayout.replicate_layout 985:Src text UUid:f37ce1e1-6c19-471f-a474-7bb6d06cf8cb
05-27 00:31:50 com_github_MitjaNemec_ReplicateLayout.replicate_layout 986:Dst text UUid:f83cfe4a-3059-4c62-987a-7f07616caafa
05-27 00:31:50 com_github_MitjaNemec_ReplicateLayout.replicate_layout 985:Src text UUid:fe67e87a-81ec-47c6-8b63-05641d5268c9
05-27 00:31:50 com_github_MitjaNemec_ReplicateLayout.replicate_layout 986:Dst text UUid:1023e737-7f84-40cf-bc8a-377d48dbcf13
05-27 00:31:50 com_github_MitjaNemec_ReplicateLayout.replicate_layout 985:Src text UUid:d805fd53-f79b-4d62-adf9-936db7fbf11c
05-27 00:31:50 com_github_MitjaNemec_ReplicateLayout.replicate_layout 986:Dst text UUid:8cd83c83-2dfa-40b9-8c44-469738134471
05-27 00:31:50 com_github_MitjaNemec_ReplicateLayout.replicate_layout 985:Src text UUid:968e99b1-9aa6-474e-ace0-17a0e4c55b4b
05-27 00:31:50 com_github_MitjaNemec_ReplicateLayout.replicate_layout 986:Dst text UUid:58e696f2-fca5-4216-a53d-dfed1caab37a
05-27 00:31:50 com_github_MitjaNemec_ReplicateLayout.replicate_layout 985:Src text UUid:1805bcfa-f348-4bb0-bf3b-3807d3dc0570
05-27 00:31:50 com_github_MitjaNemec_ReplicateLayout.replicate_layout 986:Dst text UUid:945ac485-dfe5-4aa9-8adc-5cc6507c2965
05-27 00:31:50 com_github_MitjaNemec_ReplicateLayout.replicate_layout 985:Src text UUid:0e875c1c-eef9-4108-af98-9fd625ef98cf
05-27 00:31:50 com_github_MitjaNemec_ReplicateLayout.replicate_layout 986:Dst text UUid:9a688ffa-6957-4a83-a7ca-27b74598bd49
05-27 00:31:50 com_github_MitjaNemec_ReplicateLayout.replicate_layout 985:Src text UUid:88bba31d-3345-46ed-a9b9-76a92ab95b5a
05-27 00:31:50 com_github_MitjaNemec_ReplicateLayout.replicate_layout 986:Dst text UUid:95b30b87-94ad-43df-9951-afd5d5c72644
05-27 00:31:50 com_github_MitjaNemec_ReplicateLayout.replicate_layout 985:Src text UUid:2a3d1b28-8cb4-4d04-97dd-fa41532d5b7e
05-27 00:31:50 com_github_MitjaNemec_ReplicateLayout.replicate_layout 986:Dst text UUid:86b4ae1e-f006-4333-8ec3-156ebfa0a8e4
05-27 00:31:50 com_github_MitjaNemec_ReplicateLayout.replicate_layout 985:Src text UUid:d48ed5a9-deb1-4b6f-a0c3-a769b8159d75
05-27 00:31:50 com_github_MitjaNemec_ReplicateLayout.replicate_layout 986:Dst text UUid:6a7a5db4-d491-41ee-900e-900365fd685a
05-27 00:31:50 com_github_MitjaNemec_ReplicateLayout.replicate_layout 985:Src text UUid:0ba6c080-8bc6-4a7e-9bb6-ab82f03d719e
05-27 00:31:50 com_github_MitjaNemec_ReplicateLayout.replicate_layout 986:Dst text UUid:859c4b51-2669-4969-a7b1-d74ed658f662
05-27 00:31:50 com_github_MitjaNemec_ReplicateLayout.replicate_layout 985:Src text UUid:5d022a11-01ba-40be-9702-44197f9d4f75
05-27 00:31:50 com_github_MitjaNemec_ReplicateLayout.replicate_layout 986:Dst text UUid:0a2e0ce3-243d-4a6e-8b0c-6bc541e73d9b
05-27 00:31:50 com_github_MitjaNemec_ReplicateLayout.replicate_layout 985:Src text UUid:eecbc502-5782-4482-a9ef-c3622fb075c7
05-27 00:31:50 com_github_MitjaNemec_ReplicateLayout.replicate_layout 986:Dst text UUid:f44567d2-a0c5-4073-8b1e-fb2ba7d66cf2
05-27 00:31:50 com_github_MitjaNemec_ReplicateLayout.replicate_layout 868:Replicating footprints on sheet ['Nixie_3']
05-27 00:31:50 com_github_MitjaNemec_ReplicateLayout.replicate_layout 985:Src text UUid:ab69360d-5be9-4776-9e9b-209f9cebee9e
05-27 00:31:50 com_github_MitjaNemec_ReplicateLayout.replicate_layout 986:Dst text UUid:6ac8be93-65a5-477c-9a72-6cca48919103
05-27 00:31:50 com_github_MitjaNemec_ReplicateLayout.replicate_layout 985:Src text UUid:b835f099-08d8-4979-a4e5-490ac527d2a7
05-27 00:31:50 com_github_MitjaNemec_ReplicateLayout.replicate_layout 986:Dst text UUid:edd01710-817b-41e7-a64a-5998d4d2470f
05-27 00:31:50 com_github_MitjaNemec_ReplicateLayout.replicate_layout 985:Src text UUid:560506e8-65fd-4109-8c89-937c2cdec99f
05-27 00:31:50 com_github_MitjaNemec_ReplicateLayout.replicate_layout 986:Dst text UUid:c48f73d3-1ae6-4c2c-bc79-ed18af960af9
05-27 00:31:50 com_github_MitjaNemec_ReplicateLayout.replicate_layout 985:Src text UUid:7b91cd9a-1bff-44ab-a559-d226b2c4d6d5
05-27 00:31:50 com_github_MitjaNemec_ReplicateLayout.replicate_layout 986:Dst text UUid:f6d07513-fc72-4428-84d1-a8faa8b415fa
05-27 00:31:50 com_github_MitjaNemec_ReplicateLayout.replicate_layout 985:Src text UUid:90c87fb1-5ebf-4afc-b0d9-439f9009f0da
05-27 00:31:50 com_github_MitjaNemec_ReplicateLayout.replicate_layout 986:Dst text UUid:5e4c1edd-7057-4c12-a33c-038bc55a3382
05-27 00:31:50 com_github_MitjaNemec_ReplicateLayout.replicate_layout 985:Src text UUid:2fb2f53a-80d2-43a2-bc56-d106e9338442
05-27 00:31:50 com_github_MitjaNemec_ReplicateLayout.replicate_layout 986:Dst text UUid:2eaa0c08-da07-4a34-8f2b-084ef7661639
05-27 00:31:50 com_github_MitjaNemec_ReplicateLayout.replicate_layout 985:Src text UUid:7474d7ef-18b9-4bd7-903e-eb46dcf8d615
05-27 00:31:50 com_github_MitjaNemec_ReplicateLayout.replicate_layout 986:Dst text UUid:e5690428-1d92-4be5-a6e1-23e8f944a4c1
05-27 00:31:50 com_github_MitjaNemec_ReplicateLayout.replicate_layout 985:Src text UUid:fa5a8832-1650-4aee-b8f6-85748d7c7486
05-27 00:31:50 com_github_MitjaNemec_ReplicateLayout.replicate_layout 986:Dst text UUid:bd45f6c8-e89b-4d4f-9311-24be1797f589
05-27 00:31:50 com_github_MitjaNemec_ReplicateLayout.replicate_layout 985:Src text UUid:095c36f3-99f1-47fd-8aa1-6a99686bcf3d
05-27 00:31:50 com_github_MitjaNemec_ReplicateLayout.replicate_layout 986:Dst text UUid:ff775e11-5e4d-471f-a444-a4074e2a08f5
05-27 00:31:50 com_github_MitjaNemec_ReplicateLayout.replicate_layout 985:Src text UUid:f37ce1e1-6c19-471f-a474-7bb6d06cf8cb
05-27 00:31:50 com_github_MitjaNemec_ReplicateLayout.replicate_layout 986:Dst text UUid:1b53d021-a7e0-460e-a737-a0d98e3a4aad
05-27 00:31:50 com_github_MitjaNemec_ReplicateLayout.replicate_layout 985:Src text UUid:fe67e87a-81ec-47c6-8b63-05641d5268c9
05-27 00:31:50 com_github_MitjaNemec_ReplicateLayout.replicate_layout 986:Dst text UUid:aa5070f5-3083-4149-8131-786250e43d30
05-27 00:31:50 com_github_MitjaNemec_ReplicateLayout.replicate_layout 985:Src text UUid:d805fd53-f79b-4d62-adf9-936db7fbf11c
05-27 00:31:50 com_github_MitjaNemec_ReplicateLayout.replicate_layout 986:Dst text UUid:0f2e392a-86fe-4a44-b480-be0a4855e560
05-27 00:31:50 com_github_MitjaNemec_ReplicateLayout.replicate_layout 985:Src text UUid:968e99b1-9aa6-474e-ace0-17a0e4c55b4b
05-27 00:31:50 com_github_MitjaNemec_ReplicateLayout.replicate_layout 986:Dst text UUid:c50581a2-c765-4059-b295-1b0fe4007639
05-27 00:31:50 com_github_MitjaNemec_ReplicateLayout.replicate_layout 985:Src text UUid:1805bcfa-f348-4bb0-bf3b-3807d3dc0570
05-27 00:31:50 com_github_MitjaNemec_ReplicateLayout.replicate_layout 986:Dst text UUid:10d305e7-2df4-4ec5-8f60-60fd1c3a8233
05-27 00:31:50 com_github_MitjaNemec_ReplicateLayout.replicate_layout 985:Src text UUid:0e875c1c-eef9-4108-af98-9fd625ef98cf
05-27 00:31:50 com_github_MitjaNemec_ReplicateLayout.replicate_layout 986:Dst text UUid:abdd66bb-bb57-4128-bacf-2508aeda796e
05-27 00:31:50 com_github_MitjaNemec_ReplicateLayout.replicate_layout 985:Src text UUid:88bba31d-3345-46ed-a9b9-76a92ab95b5a
05-27 00:31:50 com_github_MitjaNemec_ReplicateLayout.replicate_layout 986:Dst text UUid:6592ef1f-bdd9-44c0-86bc-3c276c28384d
05-27 00:31:50 com_github_MitjaNemec_ReplicateLayout.replicate_layout 985:Src text UUid:2a3d1b28-8cb4-4d04-97dd-fa41532d5b7e
05-27 00:31:50 com_github_MitjaNemec_ReplicateLayout.replicate_layout 986:Dst text UUid:b9fc8833-9014-4ae5-958e-ec16d6173336
05-27 00:31:50 com_github_MitjaNemec_ReplicateLayout.replicate_layout 985:Src text UUid:d48ed5a9-deb1-4b6f-a0c3-a769b8159d75
05-27 00:31:50 com_github_MitjaNemec_ReplicateLayout.replicate_layout 986:Dst text UUid:9261324c-b5a3-4bf5-80fc-4151b12b2e9d
05-27 00:31:50 com_github_MitjaNemec_ReplicateLayout.replicate_layout 985:Src text UUid:0ba6c080-8bc6-4a7e-9bb6-ab82f03d719e
05-27 00:31:50 com_github_MitjaNemec_ReplicateLayout.replicate_layout 986:Dst text UUid:bd043adc-4cd2-461e-9691-42398743a672
05-27 00:31:50 com_github_MitjaNemec_ReplicateLayout.replicate_layout 985:Src text UUid:5d022a11-01ba-40be-9702-44197f9d4f75
05-27 00:31:50 com_github_MitjaNemec_ReplicateLayout.replicate_layout 986:Dst text UUid:41f8c11e-cf9e-4013-b1db-1b8b32e1dc9b
05-27 00:31:50 com_github_MitjaNemec_ReplicateLayout.replicate_layout 985:Src text UUid:eecbc502-5782-4482-a9ef-c3622fb075c7
05-27 00:31:50 com_github_MitjaNemec_ReplicateLayout.replicate_layout 986:Dst text UUid:07c7677e-5fda-483c-95d6-9578916bff4b
05-27 00:31:50 com_github_MitjaNemec_ReplicateLayout.replicate_layout 868:Replicating footprints on sheet ['Nixie_4']
05-27 00:31:50 com_github_MitjaNemec_ReplicateLayout.replicate_layout 985:Src text UUid:ab69360d-5be9-4776-9e9b-209f9cebee9e
05-27 00:31:50 com_github_MitjaNemec_ReplicateLayout.replicate_layout 986:Dst text UUid:616dc06b-0a69-4507-98fa-7c1d96d4ae0b
05-27 00:31:50 com_github_MitjaNemec_ReplicateLayout.replicate_layout 985:Src text UUid:b835f099-08d8-4979-a4e5-490ac527d2a7
05-27 00:31:50 com_github_MitjaNemec_ReplicateLayout.replicate_layout 986:Dst text UUid:ac5ef3b8-c162-4ded-940d-b7e452d939bd
05-27 00:31:50 com_github_MitjaNemec_ReplicateLayout.replicate_layout 985:Src text UUid:560506e8-65fd-4109-8c89-937c2cdec99f
05-27 00:31:50 com_github_MitjaNemec_ReplicateLayout.replicate_layout 986:Dst text UUid:92754d74-a6c2-4e5e-a3bf-290ce5aeaf99
05-27 00:31:50 com_github_MitjaNemec_ReplicateLayout.replicate_layout 985:Src text UUid:7b91cd9a-1bff-44ab-a559-d226b2c4d6d5
05-27 00:31:50 com_github_MitjaNemec_ReplicateLayout.replicate_layout 986:Dst text UUid:026b7f93-08c0-4ecb-9d22-a74040f9275b
05-27 00:31:50 com_github_MitjaNemec_ReplicateLayout.replicate_layout 985:Src text UUid:90c87fb1-5ebf-4afc-b0d9-439f9009f0da
05-27 00:31:50 com_github_MitjaNemec_ReplicateLayout.replicate_layout 986:Dst text UUid:746dac95-4d8a-408e-a74d-dd5bea4f9375
05-27 00:31:50 com_github_MitjaNemec_ReplicateLayout.replicate_layout 985:Src text UUid:2fb2f53a-80d2-43a2-bc56-d106e9338442
05-27 00:31:50 com_github_MitjaNemec_ReplicateLayout.replicate_layout 986:Dst text UUid:d36ed254-9715-457e-be1d-ec65da94576d
05-27 00:31:50 com_github_MitjaNemec_ReplicateLayout.replicate_layout 985:Src text UUid:7474d7ef-18b9-4bd7-903e-eb46dcf8d615
05-27 00:31:50 com_github_MitjaNemec_ReplicateLayout.replicate_layout 986:Dst text UUid:daffdbc4-ff21-4101-92ad-3d6d5ebe2cba
05-27 00:31:50 com_github_MitjaNemec_ReplicateLayout.replicate_layout 985:Src text UUid:fa5a8832-1650-4aee-b8f6-85748d7c7486
05-27 00:31:50 com_github_MitjaNemec_ReplicateLayout.replicate_layout 986:Dst text UUid:1d26ef99-4744-4cf9-a81c-a3f79f0fc19c
05-27 00:31:50 com_github_MitjaNemec_ReplicateLayout.replicate_layout 985:Src text UUid:095c36f3-99f1-47fd-8aa1-6a99686bcf3d
05-27 00:31:50 com_github_MitjaNemec_ReplicateLayout.replicate_layout 986:Dst text UUid:3501d4a2-771c-44d6-8919-1634343ef87e
05-27 00:31:50 com_github_MitjaNemec_ReplicateLayout.replicate_layout 985:Src text UUid:f37ce1e1-6c19-471f-a474-7bb6d06cf8cb
05-27 00:31:50 com_github_MitjaNemec_ReplicateLayout.replicate_layout 986:Dst text UUid:c7b7c0f0-f35a-4754-8747-aa9889f9f006
05-27 00:31:50 com_github_MitjaNemec_ReplicateLayout.replicate_layout 985:Src text UUid:fe67e87a-81ec-47c6-8b63-05641d5268c9
05-27 00:31:50 com_github_MitjaNemec_ReplicateLayout.replicate_layout 986:Dst text UUid:1a7286b3-f0ad-4dee-baec-297b57172f65
05-27 00:31:50 com_github_MitjaNemec_ReplicateLayout.replicate_layout 985:Src text UUid:d805fd53-f79b-4d62-adf9-936db7fbf11c
05-27 00:31:50 com_github_MitjaNemec_ReplicateLayout.replicate_layout 986:Dst text UUid:edc1756b-deac-4b87-bc46-9c4316f75a34
05-27 00:31:50 com_github_MitjaNemec_ReplicateLayout.replicate_layout 985:Src text UUid:968e99b1-9aa6-474e-ace0-17a0e4c55b4b
05-27 00:31:50 com_github_MitjaNemec_ReplicateLayout.replicate_layout 986:Dst text UUid:d2e4022e-395a-4fd8-9d88-3cd660596679
05-27 00:31:50 com_github_MitjaNemec_ReplicateLayout.replicate_layout 985:Src text UUid:1805bcfa-f348-4bb0-bf3b-3807d3dc0570
05-27 00:31:50 com_github_MitjaNemec_ReplicateLayout.replicate_layout 986:Dst text UUid:e36bade1-c606-4c5e-8cdb-44138ed42aba
05-27 00:31:50 com_github_MitjaNemec_ReplicateLayout.replicate_layout 985:Src text UUid:0e875c1c-eef9-4108-af98-9fd625ef98cf
05-27 00:31:50 com_github_MitjaNemec_ReplicateLayout.replicate_layout 986:Dst text UUid:35c3bfca-9d39-419f-bb1e-064fcee133b6
05-27 00:31:50 com_github_MitjaNemec_ReplicateLayout.replicate_layout 985:Src text UUid:88bba31d-3345-46ed-a9b9-76a92ab95b5a
05-27 00:31:50 com_github_MitjaNemec_ReplicateLayout.replicate_layout 986:Dst text UUid:90d0a78c-79a2-40c9-9ca6-981fdd5253a8
05-27 00:31:50 com_github_MitjaNemec_ReplicateLayout.replicate_layout 985:Src text UUid:2a3d1b28-8cb4-4d04-97dd-fa41532d5b7e
05-27 00:31:50 com_github_MitjaNemec_ReplicateLayout.replicate_layout 986:Dst text UUid:52b00f06-1a29-4681-be45-ffc13cf12299
05-27 00:31:50 com_github_MitjaNemec_ReplicateLayout.replicate_layout 985:Src text UUid:d48ed5a9-deb1-4b6f-a0c3-a769b8159d75
05-27 00:31:50 com_github_MitjaNemec_ReplicateLayout.replicate_layout 986:Dst text UUid:6b6e5237-389b-47b4-8d89-fc28ae0f71ab
05-27 00:31:50 com_github_MitjaNemec_ReplicateLayout.replicate_layout 985:Src text UUid:0ba6c080-8bc6-4a7e-9bb6-ab82f03d719e
05-27 00:31:50 com_github_MitjaNemec_ReplicateLayout.replicate_layout 986:Dst text UUid:4430d5b8-4113-4343-8aa9-2b25de6329a3
05-27 00:31:50 com_github_MitjaNemec_ReplicateLayout.replicate_layout 985:Src text UUid:5d022a11-01ba-40be-9702-44197f9d4f75
05-27 00:31:50 com_github_MitjaNemec_ReplicateLayout.replicate_layout 986:Dst text UUid:3fd06fcd-8a19-479b-a35b-3fdfeda2de90
05-27 00:31:50 com_github_MitjaNemec_ReplicateLayout.replicate_layout 985:Src text UUid:eecbc502-5782-4482-a9ef-c3622fb075c7
05-27 00:31:50 com_github_MitjaNemec_ReplicateLayout.replicate_layout 986:Dst text UUid:d75192fe-c43e-4089-8bd7-1752b86ea5b1
05-27 00:31:50 com_github_MitjaNemec_ReplicateLayout.replicate_layout 868:Replicating footprints on sheet ['Nixie_5']
05-27 00:31:50 com_github_MitjaNemec_ReplicateLayout.replicate_layout 985:Src text UUid:ab69360d-5be9-4776-9e9b-209f9cebee9e
05-27 00:31:50 com_github_MitjaNemec_ReplicateLayout.replicate_layout 986:Dst text UUid:e5c2d1b9-7a73-43c3-ae58-dfdbba1fd8f8
05-27 00:31:50 com_github_MitjaNemec_ReplicateLayout.replicate_layout 985:Src text UUid:b835f099-08d8-4979-a4e5-490ac527d2a7
05-27 00:31:50 com_github_MitjaNemec_ReplicateLayout.replicate_layout 986:Dst text UUid:f96e1f5f-ceb4-40a7-876b-6ace18f2cbc8
05-27 00:31:50 com_github_MitjaNemec_ReplicateLayout.replicate_layout 985:Src text UUid:560506e8-65fd-4109-8c89-937c2cdec99f
05-27 00:31:50 com_github_MitjaNemec_ReplicateLayout.replicate_layout 986:Dst text UUid:de206e3e-1c09-4066-8b35-2654bcf31be5
05-27 00:31:50 com_github_MitjaNemec_ReplicateLayout.replicate_layout 985:Src text UUid:7b91cd9a-1bff-44ab-a559-d226b2c4d6d5
05-27 00:31:50 com_github_MitjaNemec_ReplicateLayout.replicate_layout 986:Dst text UUid:bd1404bc-12bc-4a0c-b74d-164e2b03760a
05-27 00:31:50 com_github_MitjaNemec_ReplicateLayout.replicate_layout 985:Src text UUid:90c87fb1-5ebf-4afc-b0d9-439f9009f0da
05-27 00:31:50 com_github_MitjaNemec_ReplicateLayout.replicate_layout 986:Dst text UUid:43c43433-cea6-40cb-a34b-44a1f6dbb21f
05-27 00:31:50 com_github_MitjaNemec_ReplicateLayout.replicate_layout 985:Src text UUid:2fb2f53a-80d2-43a2-bc56-d106e9338442
05-27 00:31:50 com_github_MitjaNemec_ReplicateLayout.replicate_layout 986:Dst text UUid:97fa2029-708c-4e03-8756-02505a9ba498
05-27 00:31:50 com_github_MitjaNemec_ReplicateLayout.replicate_layout 985:Src text UUid:7474d7ef-18b9-4bd7-903e-eb46dcf8d615
05-27 00:31:50 com_github_MitjaNemec_ReplicateLayout.replicate_layout 986:Dst text UUid:ea09ed0b-812b-42cf-9e8d-9f35914f049e
05-27 00:31:50 com_github_MitjaNemec_ReplicateLayout.replicate_layout 985:Src text UUid:fa5a8832-1650-4aee-b8f6-85748d7c7486
05-27 00:31:50 com_github_MitjaNemec_ReplicateLayout.replicate_layout 986:Dst text UUid:bb40dbc7-4253-41d9-811c-739070980ccc
05-27 00:31:50 com_github_MitjaNemec_ReplicateLayout.replicate_layout 985:Src text UUid:095c36f3-99f1-47fd-8aa1-6a99686bcf3d
05-27 00:31:50 com_github_MitjaNemec_ReplicateLayout.replicate_layout 986:Dst text UUid:16f16995-bb66-4d4b-81b4-207bf06b8b71
05-27 00:31:50 com_github_MitjaNemec_ReplicateLayout.replicate_layout 985:Src text UUid:f37ce1e1-6c19-471f-a474-7bb6d06cf8cb
05-27 00:31:50 com_github_MitjaNemec_ReplicateLayout.replicate_layout 986:Dst text UUid:8719c730-8526-4a9d-8f13-3b682f041fb2
05-27 00:31:50 com_github_MitjaNemec_ReplicateLayout.replicate_layout 985:Src text UUid:fe67e87a-81ec-47c6-8b63-05641d5268c9
05-27 00:31:50 com_github_MitjaNemec_ReplicateLayout.replicate_layout 986:Dst text UUid:aa0baa23-b4b2-4fa9-90dc-379e3f6e25d3
05-27 00:31:50 com_github_MitjaNemec_ReplicateLayout.replicate_layout 985:Src text UUid:d805fd53-f79b-4d62-adf9-936db7fbf11c
05-27 00:31:50 com_github_MitjaNemec_ReplicateLayout.replicate_layout 986:Dst text UUid:ca6e3d40-fde3-4f60-8db4-fdc0af851603
05-27 00:31:50 com_github_MitjaNemec_ReplicateLayout.replicate_layout 985:Src text UUid:968e99b1-9aa6-474e-ace0-17a0e4c55b4b
05-27 00:31:50 com_github_MitjaNemec_ReplicateLayout.replicate_layout 986:Dst text UUid:a9848381-63be-4a88-8a37-d63ffdd6712f
05-27 00:31:50 com_github_MitjaNemec_ReplicateLayout.replicate_layout 985:Src text UUid:1805bcfa-f348-4bb0-bf3b-3807d3dc0570
05-27 00:31:50 com_github_MitjaNemec_ReplicateLayout.replicate_layout 986:Dst text UUid:c582ae8f-7f8e-4a35-9ce0-3ac9d5e95c18
05-27 00:31:50 com_github_MitjaNemec_ReplicateLayout.replicate_layout 985:Src text UUid:0e875c1c-eef9-4108-af98-9fd625ef98cf
05-27 00:31:50 com_github_MitjaNemec_ReplicateLayout.replicate_layout 986:Dst text UUid:e26887df-efe0-4045-80e2-6fda373e65f7
05-27 00:31:50 com_github_MitjaNemec_ReplicateLayout.replicate_layout 985:Src text UUid:88bba31d-3345-46ed-a9b9-76a92ab95b5a
05-27 00:31:50 com_github_MitjaNemec_ReplicateLayout.replicate_layout 986:Dst text UUid:3acef110-2772-41e9-9ecc-07337b85de16
05-27 00:31:50 com_github_MitjaNemec_ReplicateLayout.replicate_layout 985:Src text UUid:2a3d1b28-8cb4-4d04-97dd-fa41532d5b7e
05-27 00:31:50 com_github_MitjaNemec_ReplicateLayout.replicate_layout 986:Dst text UUid:128051e4-bf50-41e6-bd5b-d56f9ce6f89c
05-27 00:31:50 com_github_MitjaNemec_ReplicateLayout.replicate_layout 985:Src text UUid:d48ed5a9-deb1-4b6f-a0c3-a769b8159d75
05-27 00:31:50 com_github_MitjaNemec_ReplicateLayout.replicate_layout 986:Dst text UUid:755e6815-61bd-430d-a2a3-5c250c98826e
05-27 00:31:50 com_github_MitjaNemec_ReplicateLayout.replicate_layout 985:Src text UUid:0ba6c080-8bc6-4a7e-9bb6-ab82f03d719e
05-27 00:31:50 com_github_MitjaNemec_ReplicateLayout.replicate_layout 986:Dst text UUid:79905e7b-3755-4a70-8eda-bbd24e52fe1e
05-27 00:31:50 com_github_MitjaNemec_ReplicateLayout.replicate_layout 985:Src text UUid:5d022a11-01ba-40be-9702-44197f9d4f75
05-27 00:31:50 com_github_MitjaNemec_ReplicateLayout.replicate_layout 986:Dst text UUid:72e77c3e-0f22-4389-af23-8455c0f3c3f0
05-27 00:31:50 com_github_MitjaNemec_ReplicateLayout.replicate_layout 985:Src text UUid:eecbc502-5782-4482-a9ef-c3622fb075c7
05-27 00:31:50 com_github_MitjaNemec_ReplicateLayout.replicate_layout 986:Dst text UUid:5b76fa01-a06e-4ae1-84e7-702972267702
05-27 00:31:50 com_github_MitjaNemec_ReplicateLayout.replicate_layout 868:Replicating footprints on sheet ['Nixie_6']
05-27 00:31:50 com_github_MitjaNemec_ReplicateLayout.replicate_layout 985:Src text UUid:ab69360d-5be9-4776-9e9b-209f9cebee9e
05-27 00:31:50 com_github_MitjaNemec_ReplicateLayout.replicate_layout 986:Dst text UUid:8d2c1156-9b60-4e61-acf1-90d471a3565a
05-27 00:31:50 com_github_MitjaNemec_ReplicateLayout.replicate_layout 985:Src text UUid:b835f099-08d8-4979-a4e5-490ac527d2a7
05-27 00:31:50 com_github_MitjaNemec_ReplicateLayout.replicate_layout 986:Dst text UUid:298530cf-4412-48b1-b103-d8512d74c58c
05-27 00:31:50 com_github_MitjaNemec_ReplicateLayout.replicate_layout 985:Src text UUid:560506e8-65fd-4109-8c89-937c2cdec99f
05-27 00:31:50 com_github_MitjaNemec_ReplicateLayout.replicate_layout 986:Dst text UUid:6932f004-bbeb-4f55-abc5-c4fc12bea496
05-27 00:31:50 com_github_MitjaNemec_ReplicateLayout.replicate_layout 985:Src text UUid:7b91cd9a-1bff-44ab-a559-d226b2c4d6d5
05-27 00:31:50 com_github_MitjaNemec_ReplicateLayout.replicate_layout 986:Dst text UUid:0c94dd66-31be-4979-b410-12b1c20882a2
05-27 00:31:50 com_github_MitjaNemec_ReplicateLayout.replicate_layout 985:Src text UUid:90c87fb1-5ebf-4afc-b0d9-439f9009f0da
05-27 00:31:50 com_github_MitjaNemec_ReplicateLayout.replicate_layout 986:Dst text UUid:81384426-78e0-4660-b337-af441beafb40
05-27 00:31:50 com_github_MitjaNemec_ReplicateLayout.replicate_layout 985:Src text UUid:2fb2f53a-80d2-43a2-bc56-d106e9338442
05-27 00:31:50 com_github_MitjaNemec_ReplicateLayout.replicate_layout 986:Dst text UUid:e9364488-0be3-4374-aa33-d958531cbaa2
05-27 00:31:50 com_github_MitjaNemec_ReplicateLayout.replicate_layout 985:Src text UUid:7474d7ef-18b9-4bd7-903e-eb46dcf8d615
05-27 00:31:50 com_github_MitjaNemec_ReplicateLayout.replicate_layout 986:Dst text UUid:8b23f45c-abb3-4b07-8892-5e78508717ca
05-27 00:31:50 com_github_MitjaNemec_ReplicateLayout.replicate_layout 985:Src text UUid:fa5a8832-1650-4aee-b8f6-85748d7c7486
05-27 00:31:50 com_github_MitjaNemec_ReplicateLayout.replicate_layout 986:Dst text UUid:6b4091d2-38b2-4bdb-ab1e-7bf7a722a4b3
05-27 00:31:50 com_github_MitjaNemec_ReplicateLayout.replicate_layout 985:Src text UUid:095c36f3-99f1-47fd-8aa1-6a99686bcf3d
05-27 00:31:50 com_github_MitjaNemec_ReplicateLayout.replicate_layout 986:Dst text UUid:4eb77d67-56fe-4f44-9524-28a5441f2305
05-27 00:31:50 com_github_MitjaNemec_ReplicateLayout.replicate_layout 985:Src text UUid:f37ce1e1-6c19-471f-a474-7bb6d06cf8cb
05-27 00:31:50 com_github_MitjaNemec_ReplicateLayout.replicate_layout 986:Dst text UUid:89ff979a-1ecd-4fe2-b500-55af78d97304
05-27 00:31:50 com_github_MitjaNemec_ReplicateLayout.replicate_layout 985:Src text UUid:fe67e87a-81ec-47c6-8b63-05641d5268c9
05-27 00:31:50 com_github_MitjaNemec_ReplicateLayout.replicate_layout 986:Dst text UUid:88d6bc80-ebd6-4bbc-87b5-cbef7e90841d
05-27 00:31:50 com_github_MitjaNemec_ReplicateLayout.replicate_layout 985:Src text UUid:d805fd53-f79b-4d62-adf9-936db7fbf11c
05-27 00:31:50 com_github_MitjaNemec_ReplicateLayout.replicate_layout 986:Dst text UUid:c08ba3ee-f471-436d-9e3f-cebf7db26fa7
05-27 00:31:50 root 337:updating GUI with: 67
05-27 00:31:50 com_github_MitjaNemec_ReplicateLayout.replicate_layout 985:Src text UUid:968e99b1-9aa6-474e-ace0-17a0e4c55b4b
05-27 00:31:50 com_github_MitjaNemec_ReplicateLayout.replicate_layout 986:Dst text UUid:a854cf2f-ab34-4f6f-8005-10e6600de30c
05-27 00:31:50 com_github_MitjaNemec_ReplicateLayout.replicate_layout 985:Src text UUid:1805bcfa-f348-4bb0-bf3b-3807d3dc0570
05-27 00:31:50 com_github_MitjaNemec_ReplicateLayout.replicate_layout 986:Dst text UUid:18a27ba6-d88b-4430-8fac-54f8523226ab
05-27 00:31:50 com_github_MitjaNemec_ReplicateLayout.replicate_layout 985:Src text UUid:0e875c1c-eef9-4108-af98-9fd625ef98cf
05-27 00:31:50 com_github_MitjaNemec_ReplicateLayout.replicate_layout 986:Dst text UUid:b1738fff-52cd-482f-8886-2208ff627773
05-27 00:31:50 com_github_MitjaNemec_ReplicateLayout.replicate_layout 985:Src text UUid:88bba31d-3345-46ed-a9b9-76a92ab95b5a
05-27 00:31:50 com_github_MitjaNemec_ReplicateLayout.replicate_layout 986:Dst text UUid:ebcdee1b-749a-4940-a335-90ff30955766
05-27 00:31:50 com_github_MitjaNemec_ReplicateLayout.replicate_layout 985:Src text UUid:2a3d1b28-8cb4-4d04-97dd-fa41532d5b7e
05-27 00:31:50 com_github_MitjaNemec_ReplicateLayout.replicate_layout 986:Dst text UUid:874de755-cbf4-4a2b-91d5-ab73946e2259
05-27 00:31:50 com_github_MitjaNemec_ReplicateLayout.replicate_layout 985:Src text UUid:d48ed5a9-deb1-4b6f-a0c3-a769b8159d75
05-27 00:31:50 com_github_MitjaNemec_ReplicateLayout.replicate_layout 986:Dst text UUid:efbc1a29-2877-4985-882f-376e1cdc6078
05-27 00:31:50 com_github_MitjaNemec_ReplicateLayout.replicate_layout 985:Src text UUid:0ba6c080-8bc6-4a7e-9bb6-ab82f03d719e
05-27 00:31:50 com_github_MitjaNemec_ReplicateLayout.replicate_layout 986:Dst text UUid:abca21e4-27a5-4b93-a121-c30f1194387d
05-27 00:31:50 com_github_MitjaNemec_ReplicateLayout.replicate_layout 985:Src text UUid:5d022a11-01ba-40be-9702-44197f9d4f75
05-27 00:31:50 com_github_MitjaNemec_ReplicateLayout.replicate_layout 986:Dst text UUid:1dcc2589-4728-4898-95c9-8af8904a84a6
05-27 00:31:50 com_github_MitjaNemec_ReplicateLayout.replicate_layout 985:Src text UUid:eecbc502-5782-4482-a9ef-c3622fb075c7
05-27 00:31:50 com_github_MitjaNemec_ReplicateLayout.replicate_layout 986:Dst text UUid:13f9e0e4-34b2-4da2-8b2b-373e225e64bb
05-27 00:31:50 com_github_MitjaNemec_ReplicateLayout.replicate_layout 868:Replicating footprints on sheet ['Nixie_7']
05-27 00:31:50 com_github_MitjaNemec_ReplicateLayout.replicate_layout 985:Src text UUid:ab69360d-5be9-4776-9e9b-209f9cebee9e
05-27 00:31:50 com_github_MitjaNemec_ReplicateLayout.replicate_layout 986:Dst text UUid:c3dd6f1e-f13b-425f-9143-0cec994f1bc4
05-27 00:31:50 com_github_MitjaNemec_ReplicateLayout.replicate_layout 985:Src text UUid:b835f099-08d8-4979-a4e5-490ac527d2a7
05-27 00:31:50 com_github_MitjaNemec_ReplicateLayout.replicate_layout 986:Dst text UUid:128fba51-5039-42ac-a4ad-0771ddfe19e9
05-27 00:31:50 com_github_MitjaNemec_ReplicateLayout.replicate_layout 985:Src text UUid:560506e8-65fd-4109-8c89-937c2cdec99f
05-27 00:31:50 com_github_MitjaNemec_ReplicateLayout.replicate_layout 986:Dst text UUid:bf99762d-20a3-4ac5-bb48-25de30188705
05-27 00:31:50 com_github_MitjaNemec_ReplicateLayout.replicate_layout 985:Src text UUid:7b91cd9a-1bff-44ab-a559-d226b2c4d6d5
05-27 00:31:50 com_github_MitjaNemec_ReplicateLayout.replicate_layout 986:Dst text UUid:9b3642b5-2582-497b-9220-cad60d834588
05-27 00:31:50 com_github_MitjaNemec_ReplicateLayout.replicate_layout 985:Src text UUid:90c87fb1-5ebf-4afc-b0d9-439f9009f0da
05-27 00:31:50 com_github_MitjaNemec_ReplicateLayout.replicate_layout 986:Dst text UUid:5674b83a-95a8-4a86-ad55-8e2e62ea26e5
05-27 00:31:50 com_github_MitjaNemec_ReplicateLayout.replicate_layout 985:Src text UUid:2fb2f53a-80d2-43a2-bc56-d106e9338442
05-27 00:31:50 com_github_MitjaNemec_ReplicateLayout.replicate_layout 986:Dst text UUid:6e0bc0ea-382f-4e68-9bce-7a1a22458902
05-27 00:31:50 root 337:updating GUI with: 77
05-27 00:31:50 com_github_MitjaNemec_ReplicateLayout.replicate_layout 985:Src text UUid:7474d7ef-18b9-4bd7-903e-eb46dcf8d615
05-27 00:31:50 com_github_MitjaNemec_ReplicateLayout.replicate_layout 986:Dst text UUid:2efa0737-3ed1-433a-8552-c018badc9ccf
05-27 00:31:50 com_github_MitjaNemec_ReplicateLayout.replicate_layout 985:Src text UUid:fa5a8832-1650-4aee-b8f6-85748d7c7486
05-27 00:31:50 com_github_MitjaNemec_ReplicateLayout.replicate_layout 986:Dst text UUid:52c59a17-536e-41bc-8f61-460101d2be55
05-27 00:31:50 com_github_MitjaNemec_ReplicateLayout.replicate_layout 985:Src text UUid:095c36f3-99f1-47fd-8aa1-6a99686bcf3d
05-27 00:31:50 com_github_MitjaNemec_ReplicateLayout.replicate_layout 986:Dst text UUid:5725bc46-1a05-47c0-b6a6-a21e896f0441
05-27 00:31:50 com_github_MitjaNemec_ReplicateLayout.replicate_layout 985:Src text UUid:f37ce1e1-6c19-471f-a474-7bb6d06cf8cb
05-27 00:31:50 com_github_MitjaNemec_ReplicateLayout.replicate_layout 986:Dst text UUid:fde06a53-7977-4abf-a48f-a71348b43bfe
05-27 00:31:50 com_github_MitjaNemec_ReplicateLayout.replicate_layout 985:Src text UUid:fe67e87a-81ec-47c6-8b63-05641d5268c9
05-27 00:31:50 com_github_MitjaNemec_ReplicateLayout.replicate_layout 986:Dst text UUid:46d44da2-1ce5-43f6-af77-49ca35562eaf
05-27 00:31:50 com_github_MitjaNemec_ReplicateLayout.replicate_layout 985:Src text UUid:d805fd53-f79b-4d62-adf9-936db7fbf11c
05-27 00:31:50 com_github_MitjaNemec_ReplicateLayout.replicate_layout 986:Dst text UUid:28d4a9bc-a1d9-497a-b0dc-d332e05aa0f7
05-27 00:31:50 com_github_MitjaNemec_ReplicateLayout.replicate_layout 985:Src text UUid:968e99b1-9aa6-474e-ace0-17a0e4c55b4b
05-27 00:31:50 com_github_MitjaNemec_ReplicateLayout.replicate_layout 986:Dst text UUid:8eaf46a2-98b1-4555-8dae-9759aef072dd
05-27 00:31:50 com_github_MitjaNemec_ReplicateLayout.replicate_layout 985:Src text UUid:1805bcfa-f348-4bb0-bf3b-3807d3dc0570
05-27 00:31:50 com_github_MitjaNemec_ReplicateLayout.replicate_layout 986:Dst text UUid:4a008316-ce05-4f16-b712-bf52898c8268
05-27 00:31:50 com_github_MitjaNemec_ReplicateLayout.replicate_layout 985:Src text UUid:0e875c1c-eef9-4108-af98-9fd625ef98cf
05-27 00:31:50 com_github_MitjaNemec_ReplicateLayout.replicate_layout 986:Dst text UUid:5958d4a3-0431-45d1-83ae-03824acf1710
05-27 00:31:50 com_github_MitjaNemec_ReplicateLayout.replicate_layout 985:Src text UUid:88bba31d-3345-46ed-a9b9-76a92ab95b5a
05-27 00:31:50 com_github_MitjaNemec_ReplicateLayout.replicate_layout 986:Dst text UUid:6d884710-10c2-4630-9b8b-0a1d38f63679
05-27 00:31:50 com_github_MitjaNemec_ReplicateLayout.replicate_layout 985:Src text UUid:2a3d1b28-8cb4-4d04-97dd-fa41532d5b7e
05-27 00:31:50 com_github_MitjaNemec_ReplicateLayout.replicate_layout 986:Dst text UUid:0747803b-f6cb-4188-895d-6374c7d0cf80
05-27 00:31:50 com_github_MitjaNemec_ReplicateLayout.replicate_layout 985:Src text UUid:d48ed5a9-deb1-4b6f-a0c3-a769b8159d75
05-27 00:31:50 com_github_MitjaNemec_ReplicateLayout.replicate_layout 986:Dst text UUid:83f6e866-3a76-46c8-8658-32c3571437ca
05-27 00:31:50 com_github_MitjaNemec_ReplicateLayout.replicate_layout 985:Src text UUid:0ba6c080-8bc6-4a7e-9bb6-ab82f03d719e
05-27 00:31:50 com_github_MitjaNemec_ReplicateLayout.replicate_layout 986:Dst text UUid:38be2264-0947-4ebe-830d-e5f73f34532d
05-27 00:31:50 com_github_MitjaNemec_ReplicateLayout.replicate_layout 985:Src text UUid:5d022a11-01ba-40be-9702-44197f9d4f75
05-27 00:31:50 com_github_MitjaNemec_ReplicateLayout.replicate_layout 986:Dst text UUid:4cce9068-6a58-480c-94c9-41b326e1b5b5
05-27 00:31:50 com_github_MitjaNemec_ReplicateLayout.replicate_layout 985:Src text UUid:eecbc502-5782-4482-a9ef-c3622fb075c7
05-27 00:31:50 com_github_MitjaNemec_ReplicateLayout.replicate_layout 986:Dst text UUid:bb29fb62-5de6-4987-9d24-ca8520d32a7a
05-27 00:31:50 com_github_MitjaNemec_ReplicateLayout.replicate_layout 868:Replicating footprints on sheet ['Nixie_8']
05-27 00:31:50 com_github_MitjaNemec_ReplicateLayout.replicate_layout 985:Src text UUid:ab69360d-5be9-4776-9e9b-209f9cebee9e
05-27 00:31:50 com_github_MitjaNemec_ReplicateLayout.replicate_layout 986:Dst text UUid:bc700ce7-e40d-4608-a2a1-f92a9289e7bd
05-27 00:31:50 com_github_MitjaNemec_ReplicateLayout.replicate_layout 985:Src text UUid:b835f099-08d8-4979-a4e5-490ac527d2a7
05-27 00:31:50 com_github_MitjaNemec_ReplicateLayout.replicate_layout 986:Dst text UUid:95f02c59-c281-4e82-860b-401628202c02
05-27 00:31:50 com_github_MitjaNemec_ReplicateLayout.replicate_layout 985:Src text UUid:560506e8-65fd-4109-8c89-937c2cdec99f
05-27 00:31:50 com_github_MitjaNemec_ReplicateLayout.replicate_layout 986:Dst text UUid:52e45108-9e3b-429f-9646-e9d3c2b6ae95
05-27 00:31:50 com_github_MitjaNemec_ReplicateLayout.replicate_layout 985:Src text UUid:7b91cd9a-1bff-44ab-a559-d226b2c4d6d5
05-27 00:31:50 com_github_MitjaNemec_ReplicateLayout.replicate_layout 986:Dst text UUid:8bed3467-3ca5-4a28-b2d9-65cbd889b4a0
05-27 00:31:50 com_github_MitjaNemec_ReplicateLayout.replicate_layout 985:Src text UUid:90c87fb1-5ebf-4afc-b0d9-439f9009f0da
05-27 00:31:50 com_github_MitjaNemec_ReplicateLayout.replicate_layout 986:Dst text UUid:10bb4478-97ad-4da5-a662-cf839f1d152d
05-27 00:31:50 com_github_MitjaNemec_ReplicateLayout.replicate_layout 985:Src text UUid:2fb2f53a-80d2-43a2-bc56-d106e9338442
05-27 00:31:50 com_github_MitjaNemec_ReplicateLayout.replicate_layout 986:Dst text UUid:5c91b9cf-c5f7-450a-bea6-417a72510b5c
05-27 00:31:50 com_github_MitjaNemec_ReplicateLayout.replicate_layout 985:Src text UUid:7474d7ef-18b9-4bd7-903e-eb46dcf8d615
05-27 00:31:50 com_github_MitjaNemec_ReplicateLayout.replicate_layout 986:Dst text UUid:36764b3b-96ec-4638-b523-cca12598c852
05-27 00:31:50 com_github_MitjaNemec_ReplicateLayout.replicate_layout 985:Src text UUid:fa5a8832-1650-4aee-b8f6-85748d7c7486
05-27 00:31:50 com_github_MitjaNemec_ReplicateLayout.replicate_layout 986:Dst text UUid:47afa7a7-a0ab-476c-b972-b615d94edbd3
05-27 00:31:50 com_github_MitjaNemec_ReplicateLayout.replicate_layout 985:Src text UUid:095c36f3-99f1-47fd-8aa1-6a99686bcf3d
05-27 00:31:50 com_github_MitjaNemec_ReplicateLayout.replicate_layout 986:Dst text UUid:e6268a9d-34cd-4000-978a-8a418126f0e3
05-27 00:31:50 com_github_MitjaNemec_ReplicateLayout.replicate_layout 985:Src text UUid:f37ce1e1-6c19-471f-a474-7bb6d06cf8cb
05-27 00:31:50 com_github_MitjaNemec_ReplicateLayout.replicate_layout 986:Dst text UUid:e9e052ab-ce43-47cd-96b2-2f758984019b
05-27 00:31:50 com_github_MitjaNemec_ReplicateLayout.replicate_layout 985:Src text UUid:fe67e87a-81ec-47c6-8b63-05641d5268c9
05-27 00:31:50 com_github_MitjaNemec_ReplicateLayout.replicate_layout 986:Dst text UUid:f7f115cc-f444-43c0-a7a2-b8755f494093
05-27 00:31:50 com_github_MitjaNemec_ReplicateLayout.replicate_layout 985:Src text UUid:d805fd53-f79b-4d62-adf9-936db7fbf11c
05-27 00:31:50 com_github_MitjaNemec_ReplicateLayout.replicate_layout 986:Dst text UUid:88ff5b85-b544-45d1-93d5-0a32287e93af
05-27 00:31:50 com_github_MitjaNemec_ReplicateLayout.replicate_layout 985:Src text UUid:968e99b1-9aa6-474e-ace0-17a0e4c55b4b
05-27 00:31:50 com_github_MitjaNemec_ReplicateLayout.replicate_layout 986:Dst text UUid:f9c21d44-3f6f-4117-88f1-dae2d63e308f
05-27 00:31:50 com_github_MitjaNemec_ReplicateLayout.replicate_layout 985:Src text UUid:1805bcfa-f348-4bb0-bf3b-3807d3dc0570
05-27 00:31:50 com_github_MitjaNemec_ReplicateLayout.replicate_layout 986:Dst text UUid:4c984f53-8823-4965-b0bc-4cfffd03c35a
05-27 00:31:50 com_github_MitjaNemec_ReplicateLayout.replicate_layout 985:Src text UUid:0e875c1c-eef9-4108-af98-9fd625ef98cf
05-27 00:31:50 com_github_MitjaNemec_ReplicateLayout.replicate_layout 986:Dst text UUid:7163a2c7-ece4-4697-82ac-90675f8484ff
05-27 00:31:50 com_github_MitjaNemec_ReplicateLayout.replicate_layout 985:Src text UUid:88bba31d-3345-46ed-a9b9-76a92ab95b5a
05-27 00:31:50 com_github_MitjaNemec_ReplicateLayout.replicate_layout 986:Dst text UUid:eab6c9df-d6c7-4d2a-a855-e4dc4fc69cbb
05-27 00:31:50 com_github_MitjaNemec_ReplicateLayout.replicate_layout 985:Src text UUid:2a3d1b28-8cb4-4d04-97dd-fa41532d5b7e
05-27 00:31:50 com_github_MitjaNemec_ReplicateLayout.replicate_layout 986:Dst text UUid:15f778c4-a392-4e45-8b19-d85bd1c955c5
05-27 00:31:50 com_github_MitjaNemec_ReplicateLayout.replicate_layout 985:Src text UUid:d48ed5a9-deb1-4b6f-a0c3-a769b8159d75
05-27 00:31:50 com_github_MitjaNemec_ReplicateLayout.replicate_layout 986:Dst text UUid:c31172d5-490d-48a2-b22f-4a4a532d4405
05-27 00:31:50 com_github_MitjaNemec_ReplicateLayout.replicate_layout 985:Src text UUid:0ba6c080-8bc6-4a7e-9bb6-ab82f03d719e
05-27 00:31:50 com_github_MitjaNemec_ReplicateLayout.replicate_layout 986:Dst text UUid:caccf9dd-d188-4c12-b2b2-26aca1dbb203
05-27 00:31:50 com_github_MitjaNemec_ReplicateLayout.replicate_layout 985:Src text UUid:5d022a11-01ba-40be-9702-44197f9d4f75
05-27 00:31:50 com_github_MitjaNemec_ReplicateLayout.replicate_layout 986:Dst text UUid:73ab628d-e4bc-4f7f-840e-1eb7e6dd3ed9
05-27 00:31:50 com_github_MitjaNemec_ReplicateLayout.replicate_layout 985:Src text UUid:eecbc502-5782-4482-a9ef-c3622fb075c7
05-27 00:31:50 com_github_MitjaNemec_ReplicateLayout.replicate_layout 986:Dst text UUid:298a682b-bc32-4c1b-b97d-a91354e442c7
05-27 00:31:50 com_github_MitjaNemec_ReplicateLayout.replicate_layout 328:Removing tracks and zones, after footprint placement
05-27 00:31:50 root 332:updating GUI message: 'Removing zones and tracks'
05-27 00:31:50 com_github_MitjaNemec_ReplicateLayout.replicate_layout 1277:Remove bounding box top:64450000, bottom:99900000, Left:82450000, Right:103550000
05-27 00:31:50 com_github_MitjaNemec_ReplicateLayout.replicate_layout 1277:Remove bounding box top:64450000, bottom:99900000, Left:106450000, Right:127550000
05-27 00:31:50 com_github_MitjaNemec_ReplicateLayout.replicate_layout 1277:Remove bounding box top:64450000, bottom:99900000, Left:130450000, Right:151550000
05-27 00:31:50 com_github_MitjaNemec_ReplicateLayout.replicate_layout 1277:Remove bounding box top:64450000, bottom:99900000, Left:154450000, Right:175550000
05-27 00:31:50 root 337:updating GUI with: 57
05-27 00:31:50 com_github_MitjaNemec_ReplicateLayout.replicate_layout 1277:Remove bounding box top:64450000, bottom:99900000, Left:178450000, Right:199550000
05-27 00:31:50 root 337:updating GUI with: 71
05-27 00:31:50 com_github_MitjaNemec_ReplicateLayout.replicate_layout 1277:Remove bounding box top:64450000, bottom:99900000, Left:202450000, Right:223550000
05-27 00:31:50 com_github_MitjaNemec_ReplicateLayout.replicate_layout 1277:Remove bounding box top:64450000, bottom:99900000, Left:226450000, Right:247550000
05-27 00:31:50 root 332:updating GUI message: 'Replicating tracks'
05-27 00:31:50 com_github_MitjaNemec_ReplicateLayout.replicate_layout 1009:Replicating tracks
05-27 00:31:50 com_github_MitjaNemec_ReplicateLayout.replicate_layout 1015:Replicating tracks on sheet ['Nixie_2']
05-27 00:31:50 com_github_MitjaNemec_ReplicateLayout.replicate_layout 792:Net pairs for sheet ['Nixie_2'] :[('/K_2', '/K_2'), ('/K_4', '/K_4'), ('/K_9', '/K_9'), ('/K_3', '/K_3'), ('/K_1', '/K_1'), ('/K_6', '/K_6'), ('A_1', 'A_2'), ('170V', '170V'), ('/K_10', '/K_10'), ('/Nixie_1/N_B', '/Nixie_2/N_B'), ('/Nixie_1/P_B', '/Nixie_2/P_B'), ('/K_8', '/K_8'), ('/Nixie_1/N_C', '/Nixie_2/N_C'), ('/K_7', '/K_7'), ('GND', 'GND'), ('', ''), ('/Nixie_1/P_C', '/Nixie_2/P_C'), ('/K_0', '/K_0'), ('/Nixie_1/NIXIE_ANODE', '/Nixie_2/NIXIE_ANODE'), ('/K_5', '/K_5')]
05-27 00:31:50 com_github_MitjaNemec_ReplicateLayout.replicate_layout 1015:Replicating tracks on sheet ['Nixie_3']
05-27 00:31:50 com_github_MitjaNemec_ReplicateLayout.replicate_layout 792:Net pairs for sheet ['Nixie_3'] :[('/K_2', '/K_2'), ('/K_4', '/K_4'), ('/K_9', '/K_9'), ('/K_3', '/K_3'), ('/K_1', '/K_1'), ('/K_6', '/K_6'), ('/Nixie_1/N_C', '/Nixie_3/N_C'), ('/Nixie_1/N_B', '/Nixie_3/N_B'), ('A_1', 'A_3'), ('/Nixie_1/P_C', '/Nixie_3/P_C'), ('/Nixie_1/NIXIE_ANODE', '/Nixie_3/NIXIE_ANODE'), ('170V', '170V'), ('/K_10', '/K_10'), ('/K_8', '/K_8'), ('/K_7', '/K_7'), ('GND', 'GND'), ('', ''), ('/Nixie_1/P_B', '/Nixie_3/P_B'), ('/K_0', '/K_0'), ('/K_5', '/K_5')]
05-27 00:31:50 com_github_MitjaNemec_ReplicateLayout.replicate_layout 1015:Replicating tracks on sheet ['Nixie_4']
05-27 00:31:50 com_github_MitjaNemec_ReplicateLayout.replicate_layout 792:Net pairs for sheet ['Nixie_4'] :[('/K_2', '/K_2'), ('/K_4', '/K_4'), ('/K_9', '/K_9'), ('/K_3', '/K_3'), ('/K_1', '/K_1'), ('/K_6', '/K_6'), ('/Nixie_1/NIXIE_ANODE', '/Nixie_4/NIXIE_ANODE'), ('170V', '170V'), ('/K_10', '/K_10'), ('/Nixie_1/N_C', '/Nixie_4/N_C'), ('/Nixie_1/P_B', '/Nixie_4/P_B'), ('/Nixie_1/N_B', '/Nixie_4/N_B'), ('/K_8', '/K_8'), ('/K_7', '/K_7'), ('GND', 'GND'), ('A_1', 'A_4'), ('', ''), ('/K_0', '/K_0'), ('/Nixie_1/P_C', '/Nixie_4/P_C'), ('/K_5', '/K_5')]
05-27 00:31:50 com_github_MitjaNemec_ReplicateLayout.replicate_layout 1015:Replicating tracks on sheet ['Nixie_5']
05-27 00:31:50 com_github_MitjaNemec_ReplicateLayout.replicate_layout 792:Net pairs for sheet ['Nixie_5'] :[('/K_2', '/K_2'), ('/K_4', '/K_4'), ('/Nixie_1/P_B', '/Nixie_5/P_B'), ('/K_9', '/K_9'), ('/K_3', '/K_3'), ('/K_1', '/K_1'), ('/K_6', '/K_6'), ('/Nixie_1/N_C', '/Nixie_5/N_C'), ('170V', '170V'), ('/Nixie_1/NIXIE_ANODE', '/Nixie_5/NIXIE_ANODE'), ('/K_10', '/K_10'), ('/K_8', '/K_8'), ('/K_7', '/K_7'), ('A_1', 'A_5'), ('GND', 'GND'), ('', ''), ('/Nixie_1/P_C', '/Nixie_5/P_C'), ('/K_0', '/K_0'), ('/K_5', '/K_5'), ('/Nixie_1/N_B', '/Nixie_5/N_B')]
05-27 00:31:50 com_github_MitjaNemec_ReplicateLayout.replicate_layout 1015:Replicating tracks on sheet ['Nixie_6']
05-27 00:31:50 com_github_MitjaNemec_ReplicateLayout.replicate_layout 792:Net pairs for sheet ['Nixie_6'] :[('/K_2', '/K_2'), ('/K_4', '/K_4'), ('/K_9', '/K_9'), ('/K_3', '/K_3'), ('/Nixie_1/N_B', '/Nixie_6/N_B'), ('/K_1', '/K_1'), ('/Nixie_1/P_B', '/Nixie_6/P_B'), ('/K_6', '/K_6'), ('/Nixie_1/N_C', '/Nixie_6/N_C'), ('170V', '170V'), ('/K_10', '/K_10'), ('/Nixie_1/NIXIE_ANODE', '/Nixie_6/NIXIE_ANODE'), ('/Nixie_1/P_C', '/Nixie_6/P_C'), ('/K_8', '/K_8'), ('/K_7', '/K_7'), ('GND', 'GND'), ('', ''), ('/K_0', '/K_0'), ('/K_5', '/K_5'), ('A_1', 'A_6')]
05-27 00:31:50 com_github_MitjaNemec_ReplicateLayout.replicate_layout 1015:Replicating tracks on sheet ['Nixie_7']
05-27 00:31:50 com_github_MitjaNemec_ReplicateLayout.replicate_layout 792:Net pairs for sheet ['Nixie_7'] :[('/K_2', '/K_2'), ('/K_4', '/K_4'), ('/K_9', '/K_9'), ('/K_3', '/K_3'), ('/Nixie_1/P_C', '/Nixie_7/P_C'), ('/K_1', '/K_1'), ('/K_6', '/K_6'), ('A_1', 'A_7'), ('/Nixie_1/N_C', '/Nixie_7/N_C'), ('/Nixie_1/P_B', '/Nixie_7/P_B'), ('170V', '170V'), ('/K_10', '/K_10'), ('/Nixie_1/N_B', '/Nixie_7/N_B'), ('/Nixie_1/NIXIE_ANODE', '/Nixie_7/NIXIE_ANODE'), ('/K_8', '/K_8'), ('/K_7', '/K_7'), ('GND', 'GND'), ('', ''), ('/K_0', '/K_0'), ('/K_5', '/K_5')]
05-27 00:31:50 root 337:updating GUI with: 72
05-27 00:31:50 com_github_MitjaNemec_ReplicateLayout.replicate_layout 1015:Replicating tracks on sheet ['Nixie_8']
05-27 00:31:50 com_github_MitjaNemec_ReplicateLayout.replicate_layout 792:Net pairs for sheet ['Nixie_8'] :[('/K_2', '/K_2'), ('/K_4', '/K_4'), ('/K_9', '/K_9'), ('/K_3', '/K_3'), ('/K_1', '/K_1'), ('/K_6', '/K_6'), ('170V', '170V'), ('/K_10', '/K_10'), ('/K_8', '/K_8'), ('/K_7', '/K_7'), ('/Nixie_1/NIXIE_ANODE', '/Nixie_8/NIXIE_ANODE'), ('/Nixie_1/P_B', '/Nixie_8/P_B'), ('GND', 'GND'), ('/Nixie_1/N_C', '/Nixie_8/N_C'), ('/Nixie_1/P_C', '/Nixie_8/P_C'), ('', ''), ('/K_0', '/K_0'), ('/K_5', '/K_5'), ('/Nixie_1/N_B', '/Nixie_8/N_B'), ('A_1', 'A_8')]
05-27 00:31:50 root 337:updating GUI with: 86
05-27 00:31:50 root 332:updating GUI message: 'Replicating zones'
05-27 00:31:50 com_github_MitjaNemec_ReplicateLayout.replicate_layout 1079:Replicating zones
05-27 00:31:50 com_github_MitjaNemec_ReplicateLayout.replicate_layout 1086:Replicating zones on sheet ['Nixie_2']
05-27 00:31:50 com_github_MitjaNemec_ReplicateLayout.replicate_layout 792:Net pairs for sheet ['Nixie_2'] :[('/K_2', '/K_2'), ('/K_4', '/K_4'), ('/K_9', '/K_9'), ('/K_3', '/K_3'), ('/K_1', '/K_1'), ('/K_6', '/K_6'), ('A_1', 'A_2'), ('170V', '170V'), ('/K_10', '/K_10'), ('/Nixie_1/N_B', '/Nixie_2/N_B'), ('/Nixie_1/P_B', '/Nixie_2/P_B'), ('/K_8', '/K_8'), ('/Nixie_1/N_C', '/Nixie_2/N_C'), ('/K_7', '/K_7'), ('GND', 'GND'), ('', ''), ('/Nixie_1/P_C', '/Nixie_2/P_C'), ('/K_0', '/K_0'), ('/Nixie_1/NIXIE_ANODE', '/Nixie_2/NIXIE_ANODE'), ('/K_5', '/K_5')]
05-27 00:31:50 com_github_MitjaNemec_ReplicateLayout.replicate_layout 1086:Replicating zones on sheet ['Nixie_3']
05-27 00:31:50 com_github_MitjaNemec_ReplicateLayout.replicate_layout 792:Net pairs for sheet ['Nixie_3'] :[('/K_2', '/K_2'), ('/K_4', '/K_4'), ('/K_9', '/K_9'), ('/K_3', '/K_3'), ('/K_1', '/K_1'), ('/K_6', '/K_6'), ('/Nixie_1/N_C', '/Nixie_3/N_C'), ('/Nixie_1/N_B', '/Nixie_3/N_B'), ('A_1', 'A_3'), ('/Nixie_1/P_C', '/Nixie_3/P_C'), ('/Nixie_1/NIXIE_ANODE', '/Nixie_3/NIXIE_ANODE'), ('170V', '170V'), ('/K_10', '/K_10'), ('/K_8', '/K_8'), ('/K_7', '/K_7'), ('GND', 'GND'), ('', ''), ('/Nixie_1/P_B', '/Nixie_3/P_B'), ('/K_0', '/K_0'), ('/K_5', '/K_5')]
05-27 00:31:50 com_github_MitjaNemec_ReplicateLayout.replicate_layout 1086:Replicating zones on sheet ['Nixie_4']
05-27 00:31:50 com_github_MitjaNemec_ReplicateLayout.replicate_layout 792:Net pairs for sheet ['Nixie_4'] :[('/K_2', '/K_2'), ('/K_4', '/K_4'), ('/K_9', '/K_9'), ('/K_3', '/K_3'), ('/K_1', '/K_1'), ('/K_6', '/K_6'), ('/Nixie_1/NIXIE_ANODE', '/Nixie_4/NIXIE_ANODE'), ('170V', '170V'), ('/K_10', '/K_10'), ('/Nixie_1/N_C', '/Nixie_4/N_C'), ('/Nixie_1/P_B', '/Nixie_4/P_B'), ('/Nixie_1/N_B', '/Nixie_4/N_B'), ('/K_8', '/K_8'), ('/K_7', '/K_7'), ('GND', 'GND'), ('A_1', 'A_4'), ('', ''), ('/K_0', '/K_0'), ('/Nixie_1/P_C', '/Nixie_4/P_C'), ('/K_5', '/K_5')]
05-27 00:31:50 com_github_MitjaNemec_ReplicateLayout.replicate_layout 1086:Replicating zones on sheet ['Nixie_5']
05-27 00:31:50 com_github_MitjaNemec_ReplicateLayout.replicate_layout 792:Net pairs for sheet ['Nixie_5'] :[('/K_2', '/K_2'), ('/K_4', '/K_4'), ('/Nixie_1/P_B', '/Nixie_5/P_B'), ('/K_9', '/K_9'), ('/K_3', '/K_3'), ('/K_1', '/K_1'), ('/K_6', '/K_6'), ('/Nixie_1/N_C', '/Nixie_5/N_C'), ('170V', '170V'), ('/Nixie_1/NIXIE_ANODE', '/Nixie_5/NIXIE_ANODE'), ('/K_10', '/K_10'), ('/K_8', '/K_8'), ('/K_7', '/K_7'), ('A_1', 'A_5'), ('GND', 'GND'), ('', ''), ('/Nixie_1/P_C', '/Nixie_5/P_C'), ('/K_0', '/K_0'), ('/K_5', '/K_5'), ('/Nixie_1/N_B', '/Nixie_5/N_B')]
05-27 00:31:50 com_github_MitjaNemec_ReplicateLayout.replicate_layout 1086:Replicating zones on sheet ['Nixie_6']
05-27 00:31:50 com_github_MitjaNemec_ReplicateLayout.replicate_layout 792:Net pairs for sheet ['Nixie_6'] :[('/K_2', '/K_2'), ('/K_4', '/K_4'), ('/K_9', '/K_9'), ('/K_3', '/K_3'), ('/Nixie_1/N_B', '/Nixie_6/N_B'), ('/K_1', '/K_1'), ('/Nixie_1/P_B', '/Nixie_6/P_B'), ('/K_6', '/K_6'), ('/Nixie_1/N_C', '/Nixie_6/N_C'), ('170V', '170V'), ('/K_10', '/K_10'), ('/Nixie_1/NIXIE_ANODE', '/Nixie_6/NIXIE_ANODE'), ('/Nixie_1/P_C', '/Nixie_6/P_C'), ('/K_8', '/K_8'), ('/K_7', '/K_7'), ('GND', 'GND'), ('', ''), ('/K_0', '/K_0'), ('/K_5', '/K_5'), ('A_1', 'A_6')]
05-27 00:31:50 com_github_MitjaNemec_ReplicateLayout.replicate_layout 1086:Replicating zones on sheet ['Nixie_7']
05-27 00:31:50 com_github_MitjaNemec_ReplicateLayout.replicate_layout 792:Net pairs for sheet ['Nixie_7'] :[('/K_2', '/K_2'), ('/K_4', '/K_4'), ('/K_9', '/K_9'), ('/K_3', '/K_3'), ('/Nixie_1/P_C', '/Nixie_7/P_C'), ('/K_1', '/K_1'), ('/K_6', '/K_6'), ('A_1', 'A_7'), ('/Nixie_1/N_C', '/Nixie_7/N_C'), ('/Nixie_1/P_B', '/Nixie_7/P_B'), ('170V', '170V'), ('/K_10', '/K_10'), ('/Nixie_1/N_B', '/Nixie_7/N_B'), ('/Nixie_1/NIXIE_ANODE', '/Nixie_7/NIXIE_ANODE'), ('/K_8', '/K_8'), ('/K_7', '/K_7'), ('GND', 'GND'), ('', ''), ('/K_0', '/K_0'), ('/K_5', '/K_5')]
05-27 00:31:50 com_github_MitjaNemec_ReplicateLayout.replicate_layout 1086:Replicating zones on sheet ['Nixie_8']
05-27 00:31:50 com_github_MitjaNemec_ReplicateLayout.replicate_layout 792:Net pairs for sheet ['Nixie_8'] :[('/K_2', '/K_2'), ('/K_4', '/K_4'), ('/K_9', '/K_9'), ('/K_3', '/K_3'), ('/K_1', '/K_1'), ('/K_6', '/K_6'), ('170V', '170V'), ('/K_10', '/K_10'), ('/K_8', '/K_8'), ('/K_7', '/K_7'), ('/Nixie_1/NIXIE_ANODE', '/Nixie_8/NIXIE_ANODE'), ('/Nixie_1/P_B', '/Nixie_8/P_B'), ('GND', 'GND'), ('/Nixie_1/N_C', '/Nixie_8/N_C'), ('/Nixie_1/P_C', '/Nixie_8/P_C'), ('', ''), ('/K_0', '/K_0'), ('/K_5', '/K_5'), ('/Nixie_1/N_B', '/Nixie_8/N_B'), ('A_1', 'A_8')]
05-27 00:31:50 root 332:updating GUI message: 'Replicating text'
05-27 00:31:50 com_github_MitjaNemec_ReplicateLayout.replicate_layout 1168:Replicating text
05-27 00:31:50 root 337:updating GUI with: 0
05-27 00:31:50 com_github_MitjaNemec_ReplicateLayout.replicate_layout 1175:Replicating text on sheet ['Nixie_2']
05-27 00:31:50 com_github_MitjaNemec_ReplicateLayout.replicate_layout 1175:Replicating text on sheet ['Nixie_3']
05-27 00:31:50 com_github_MitjaNemec_ReplicateLayout.replicate_layout 1175:Replicating text on sheet ['Nixie_4']
05-27 00:31:50 com_github_MitjaNemec_ReplicateLayout.replicate_layout 1175:Replicating text on sheet ['Nixie_5']
05-27 00:31:50 com_github_MitjaNemec_ReplicateLayout.replicate_layout 1175:Replicating text on sheet ['Nixie_6']
05-27 00:31:50 com_github_MitjaNemec_ReplicateLayout.replicate_layout 1175:Replicating text on sheet ['Nixie_7']
05-27 00:31:50 com_github_MitjaNemec_ReplicateLayout.replicate_layout 1175:Replicating text on sheet ['Nixie_8']
05-27 00:31:50 root 332:updating GUI message: 'Replicating drawings'
05-27 00:31:50 com_github_MitjaNemec_ReplicateLayout.replicate_layout 1219:Replicating drawings
05-27 00:31:50 com_github_MitjaNemec_ReplicateLayout.replicate_layout 1225:Replicating drawings on sheet ['Nixie_2']
05-27 00:31:50 com_github_MitjaNemec_ReplicateLayout.replicate_layout 1225:Replicating drawings on sheet ['Nixie_3']
05-27 00:31:50 com_github_MitjaNemec_ReplicateLayout.replicate_layout 1225:Replicating drawings on sheet ['Nixie_4']
05-27 00:31:50 com_github_MitjaNemec_ReplicateLayout.replicate_layout 1225:Replicating drawings on sheet ['Nixie_5']
05-27 00:31:50 com_github_MitjaNemec_ReplicateLayout.replicate_layout 1225:Replicating drawings on sheet ['Nixie_6']
05-27 00:31:50 com_github_MitjaNemec_ReplicateLayout.replicate_layout 1225:Replicating drawings on sheet ['Nixie_7']
05-27 00:31:50 com_github_MitjaNemec_ReplicateLayout.replicate_layout 1225:Replicating drawings on sheet ['Nixie_8']
05-27 00:31:50 root 332:updating GUI message: 'Removing duplicates'
05-27 00:31:51 com_github_MitjaNemec_ReplicateLayout.action_replicate_layout 256:Replication complete
